
=== Thu Sep 10 02:23:25 2020

Packages were changed.
Update Mode: mergeDefaultDependencies

The following packages were added:
  com.unity.package-manager-ui@2.2.0
  com.unity.ext.nunit@1.0.0
  com.unity.test-framework@1.0.13
  com.unity.ide.vscode@1.1.2
  com.unity.ide.rider@1.1.0
  com.unity.ugui@1.0.0
  com.unity.modules.androidjni@1.0.0

=== Thu Sep 10 13:43:10 2020

Packages were changed.
Update Mode: updateDependencies

The following packages were updated:
  com.unity.render-pipelines.high-definition from version 6.9.0-preview to 7.1.8
  com.unity.test-framework from version 1.0.18 to 1.1.11
  com.unity.timeline from version 1.1.0 to 1.2.12
The following packages were removed:
  com.unity.package-manager-ui@2.2.0

=== Thu Sep 10 19:47:11 2020

Packages were changed.
Update Mode: updateDependencies

The following packages were updated:
  com.unity.ide.vscode from version 1.1.4 to 1.2.1
  com.unity.render-pipelines.high-definition from version 7.1.8 to 7.3.1
  com.unity.test-framework from version 1.1.11 to 1.1.16

=== Tue Feb  2 12:36:31 2021

Packages were changed.
Update Mode: updateDependencies

The following packages were added:
  com.unity.ide.visualstudio@2.0.2
The following packages were updated:
  com.unity.collab-proxy from version 1.2.16 to 1.3.9
  com.unity.ide.rider from version 1.1.4 to 1.2.1
  com.unity.render-pipelines.high-definition from version 7.5.1 to 8.2.0
  com.unity.textmeshpro from version 2.1.1 to 3.0.1
